0000000000000000 T __code_start
0000000000000000 0000000000000401 B __nx_dev_path_buf
0000000000000000 A __start__
0000000000000000 T _start
0000000000000000 b _TLS_MODULE_BASE_
0000000000000108 T __nx_exit
0000000000000118 T __nx_mod0
0000000000000140 T _init
0000000000000180 0000000000000038 T exit
00000000000001c0 000000000000009c T main
0000000000000260 t __do_global_dtors_aux
00000000000002b0 t frame_dummy
00000000000002e0 0000000000000088 T Input::init()
0000000000000370 0000000000000030 T Input::update()
00000000000003a0 0000000000000014 T Input::cleanup()
00000000000003c0 0000000000000068 t _hiddbgCleanup
0000000000000404 0000000000000004 b fsdev_last_result
0000000000000408 0000000000000004 B g_bsdErrno
000000000000040c 0000000000000004 B g_bsdResult
0000000000000410 0000000000000004 b g_fsPriority
0000000000000430 00000000000000a0 T hiddbgInitialize
00000000000004d0 0000000000000044 T hiddbgExit
0000000000000520 00000000000000d0 t _smCmifCmdInPid
00000000000005f0 0000000000000068 t _smCleanup
0000000000000660 0000000000000048 T smAddOverrideHandle
00000000000006b0 0000000000000054 T smGetServiceOverride
0000000000000710 00000000000001c0 T smInitialize
00000000000008d0 0000000000000044 T smExit
0000000000000920 00000000000000d0 T smGetServiceOriginal
00000000000009f0 0000000000000120 T smGetServiceWrapper
0000000000000b10 0000000000000014 T hosversionGet
0000000000000b30 0000000000000010 T hosversionSet
0000000000000b40 000000000000005c t _padUpdateWithCommonState
0000000000000ba0 000000000000009c T padConfigureInput
0000000000000c40 0000000000000020 T padInitializeWithMask
0000000000000c60 0000000000000228 T padUpdate
0000000000000e90 00000000000000d8 T nxlinkConnectToHost
0000000000000f70 000000000000001c W diagAbortWithResult
0000000000000f90 00000000000000a8 t _socketParseBsdResult.part.0
0000000000001040 0000000000000048 t _socketRead
0000000000001090 0000000000000048 t _socketWrite
00000000000010e0 000000000000003c t _socketClose
0000000000001120 0000000000000078 t _socketOpen
00000000000011a0 0000000000000084 t _socketGetFd
0000000000001230 000000000000001c T socketExit
0000000000001250 0000000000000154 T socketInitialize
00000000000013b0 00000000000000ac T socket
0000000000001460 0000000000000060 T connect
00000000000014c0 0000000000000008 t romfs_close
00000000000014d0 0000000000000080 t romfs_seek
0000000000001550 000000000000001c t romfs_dirreset
0000000000001570 0000000000000100 t fillDir
0000000000001670 00000000000002c4 t romfs_dirnext
0000000000001940 0000000000000128 t searchForDir
0000000000001a70 0000000000000164 t _romfs_read_safe
0000000000001be0 00000000000000c4 t _romfs_read
0000000000001cb0 0000000000000084 t romfs_read
0000000000001d40 00000000000000b0 t romfs_free
0000000000001df0 00000000000001f4 t navigateToDir.constprop.0
0000000000001ff0 0000000000000054 t romfs_chdir
0000000000002050 0000000000000084 t romfs_diropen
00000000000020e0 0000000000000128 t searchForFile.constprop.0
0000000000002210 000000000000010c t romfs_open
0000000000002320 00000000000001b8 t romfs_stat
00000000000024e0 0000000000000008 t romfs_dirclose
00000000000024f0 0000000000000138 t romfsFindMount
0000000000002630 000000000000006c t romfs_fstat
00000000000026a0 00000000000001b4 t romfsMountCommon
0000000000002860 0000000000000068 T romfsMountFromFile
00000000000028d0 0000000000000070 T romfsMountFromStorage
0000000000002940 0000000000000038 T romfsMountFromCurrentProcess
0000000000002980 00000000000001a0 T romfsMountSelf
0000000000002b20 0000000000000014 t fsdev_link
0000000000002b40 0000000000000014 t fsdev_dirreset
0000000000002b60 0000000000000014 t fsdev_chmod
0000000000002b80 0000000000000018 t error_cmp
0000000000002ba0 0000000000000020 t fsdev_dirclose
0000000000002bc0 000000000000001c t fsdev_close
0000000000002be0 0000000000000080 t fsdev_converttimetoutc
0000000000002c60 00000000000000b8 t fsdevFindDevice.part.0
0000000000002d20 00000000000001e0 t fsdev_fixpath
0000000000002f00 00000000000000a0 t _fsdevUnmountDeviceStruct.part.0
0000000000002fa0 0000000000000014 t fsdev_fchmod
0000000000002fc0 0000000000000108 t fsdev_diropen
00000000000030d0 000000000000007c t fsdev_fsync
0000000000003150 0000000000000108 t fsdev_fstat
0000000000003260 0000000000000094 t fsdev_ftruncate
0000000000003300 00000000000001f8 t fsdev_stat
0000000000003500 0000000000000154 t fsdev_rename
0000000000003660 0000000000000148 t fsdev_chdir
00000000000037b0 00000000000000ac t fsdev_mkdir
0000000000003860 00000000000000ac t fsdev_unlink
0000000000003910 00000000000000ac t fsdev_rmdir
00000000000039c0 0000000000000104 t fsdev_statvfs
0000000000003ad0 000000000000013c t fsdev_write_safe
0000000000003c10 000000000000013c t fsdev_read_safe
0000000000003d50 0000000000000104 t fsdev_read
0000000000003e60 00000000000001d4 t fsdev_dirnext
0000000000004040 0000000000000124 t fsdev_write
0000000000004170 00000000000000e4 t fsdev_seek
0000000000004260 0000000000000238 t fsdev_open
00000000000044a0 000000000000026c T fsdevMountDevice
0000000000004710 0000000000000048 T fsdevMountSdmc
0000000000004760 00000000000000cc T __libnx_init_cwd
0000000000004830 0000000000000064 T fsdevUnmountAll
00000000000048a0 0000000000000084 T fsdevTranslatePath
0000000000004930 000000000000002c T _convert_errno
0000000000004960 000000000000012c T decode_utf8
0000000000004a8c T svcSetHeapSize
0000000000004aa0 T svcUnmapMemory
0000000000004aa8 T svcQueryMemory
0000000000004abc T svcExitProcess
0000000000004ac4 T svcSleepThread
0000000000004acc T svcMapSharedMemory
0000000000004ad4 T svcUnmapSharedMemory
0000000000004adc T svcCreateTransferMemory
0000000000004af0 T svcCloseHandle
0000000000004af8 T svcResetSignal
0000000000004b00 T svcWaitSynchronization
0000000000004b14 T svcArbitrateLock
0000000000004b1c T svcArbitrateUnlock
0000000000004b24 T svcWaitProcessWideKeyAtomic
0000000000004b2c T svcSignalProcessWideKey
0000000000004b34 T svcConnectToNamedPort
0000000000004b48 T svcSendSyncRequest
0000000000004b50 T svcBreak
0000000000004b58 T svcReturnFromException
0000000000004b60 T svcGetInfo
0000000000004b74 T svcUnmapTransferMemory
0000000000004b7c T __aarch64_read_tp
0000000000004b90 00000000000000a8 T tmemCreate
0000000000004c40 0000000000000028 T tmemCreateFromMemory
0000000000004c70 0000000000000034 T tmemUnmap
0000000000004cb0 0000000000000068 T tmemClose
0000000000004d20 0000000000000080 T mutexLock
0000000000004da0 0000000000000068 T mutexUnlock
0000000000004e10 000000000000001c T mutexIsLockedByCurrentThread
0000000000004e30 000000000000004c T rmutexLock
0000000000004e80 000000000000001c T rmutexUnlock
0000000000004ea0 0000000000000064 t _memregionInitWithInfo
0000000000004f10 0000000000000004 W __libnx_virtmem_rng
0000000000004f20 0000000000000178 t _memregionFindRandom
00000000000050a0 0000000000000120 T virtmemSetup
00000000000051c0 000000000000000c T virtmemLock
00000000000051d0 000000000000000c T virtmemUnlock
00000000000051e0 0000000000000054 T virtmemFindAslr
0000000000005240 000000000000000c T eventLoadRemote
0000000000005250 0000000000000038 T eventWait
0000000000005290 0000000000000050 T eventClose
00000000000052e0 00000000000003d4 T randomGet
00000000000056c0 0000000000000020 T randomGet64
00000000000056e0 00000000000000f4 t _bsdStartMonitoring
00000000000057e0 00000000000000e0 t _bsdCleanup
00000000000058c0 00000000000001bc t _bsdCmdInSockfdSockaddr
0000000000005a80 0000000000000148 t _bsdCmdInDomainTypeProtocol
0000000000005bd0 0000000000000130 t _bsdRegisterClient.constprop.0
0000000000005d00 000000000000021c T bsdInitialize
0000000000005f20 0000000000000044 T bsdExit
0000000000005f70 0000000000000008 T bsdSocket
0000000000005f80 00000000000001d8 T bsdOpen
0000000000006160 0000000000000008 T bsdConnect
0000000000006170 00000000000001d0 T bsdWrite
0000000000006340 00000000000001cc T bsdRead
0000000000006510 000000000000013c T bsdClose
0000000000006650 00000000000000b4 t _fsCleanup
0000000000006710 00000000000001b0 t _fsCmdNoIO
00000000000068c0 00000000000001d4 t _fsFsCmdWithInPath
0000000000006aa0 00000000000001fc t _fsFsCmdWithTwoInPaths
0000000000006ca0 000000000000023c t _fsFsOpenCommon
0000000000006ee0 00000000000001f0 t _fsFsCmdWithInPathAndOutU64
00000000000070d0 00000000000000f4 t _fsObjectClose
00000000000071d0 000000000000017c t _fsCmdGetSession.constprop.0
0000000000007350 0000000000000318 T fsInitialize
0000000000007670 0000000000000044 T fsExit
00000000000076c0 0000000000000008 T fsOpenSdCardFileSystem
00000000000076d0 0000000000000008 T fsOpenDataStorageByCurrentProcess
00000000000076e0 00000000000001e4 T fsFsCreateFile
00000000000078d0 0000000000000008 T fsFsDeleteFile
00000000000078e0 0000000000000008 T fsFsCreateDirectory
00000000000078f0 0000000000000008 T fsFsDeleteDirectory
0000000000007900 0000000000000008 T fsFsRenameFile
0000000000007910 0000000000000008 T fsFsRenameDirectory
0000000000007920 00000000000001ec T fsFsGetEntryType
0000000000007b10 0000000000000008 T fsFsOpenFile
0000000000007b20 0000000000000008 T fsFsOpenDirectory
0000000000007b30 0000000000000008 T fsFsGetFreeSpace
0000000000007b40 0000000000000008 T fsFsGetTotalSpace
0000000000007b50 0000000000000230 T fsFsGetFileTimeStampRaw
0000000000007d80 0000000000000004 T fsFsClose
0000000000007d90 0000000000000210 T fsFileRead
0000000000007fa0 0000000000000200 T fsFileWrite
00000000000081a0 0000000000000008 T fsFileFlush
00000000000081b0 00000000000001b4 T fsFileSetSize
00000000000081b0 00000000000001b4 t fsFileSetSize.localalias
0000000000008370 00000000000001c4 T fsFileGetSize
0000000000008370 00000000000001c4 t fsFileGetSize.localalias
0000000000008540 0000000000000004 T fsFileClose
0000000000008550 0000000000000004 T fsDirClose
0000000000008560 0000000000000204 T fsDirRead
0000000000008770 00000000000001f0 T fsStorageRead
0000000000008960 0000000000000004 T fsStorageClose
0000000000008970 0000000000000228 t _timeCleanup
0000000000008ba0 00000000000000c8 t _timeCmdNoInOutU64.constprop.0
0000000000008c70 0000000000000100 t _timeCmdGetSession.constprop.0
0000000000008d70 00000000000000cc t _timeGetSharedMemoryNativeHandle.constprop.0
0000000000008e40 0000000000000110 t _timeReadClockFromSharedMem
0000000000008f50 0000000000000238 T timeInitialize
0000000000009190 0000000000000044 T timeExit
00000000000091e0 0000000000000038 T timeGetServiceSession_SystemClock
0000000000009220 000000000000005c T timeGetCurrentTime
0000000000009280 0000000000000110 T timeToCalendarTimeWithMyRule
0000000000009390 0000000000000104 T timeToPosixTimeWithMyRule
00000000000094a0 0000000000000108 t _hidCleanup
00000000000095b0 00000000000000d4 t _hidCmdInAruidNoOut
0000000000009690 00000000000000e0 t _hidCmdInU32AruidNoOut
0000000000009770 0000000000000184 t _hidGetStates
0000000000009900 0000000000000118 t _hidCreateAppletResource.constprop.0
0000000000009a20 00000000000000c8 t _hidCmdGetHandle.constprop.0
0000000000009af0 00000000000000dc T hidInitialize
0000000000009bd0 0000000000000044 T hidExit
0000000000009c20 000000000000000c T hidGetSharedmemAddr
0000000000009c30 0000000000000094 T hidGetNpadStyleSet
0000000000009cd0 000000000000006c T hidInitializeNpad
0000000000009d40 00000000000000ac T hidGetNpadStatesFullKey
0000000000009df0 00000000000000ac T hidGetNpadStatesHandheld
0000000000009ea0 00000000000000ac T hidGetNpadStatesJoyDual
0000000000009f50 00000000000000ac T hidGetNpadStatesJoyLeft
000000000000a000 00000000000000ac T hidGetNpadStatesJoyRight
000000000000a0b0 0000000000000174 T hidGetNpadStatesGc
000000000000a230 00000000000000b0 T hidGetNpadStatesSystemExt
000000000000a2e0 0000000000000008 T hidSetSupportedNpadStyleSet
000000000000a2f0 00000000000000fc T hidSetSupportedNpadIdType
000000000000a3f0 00000000000000a0 T __nx_dynamic
000000000000a490 00000000000000d8 W __libnx_initheap
000000000000a570 00000000000000ec W __appInit
000000000000a660 0000000000000044 W __appExit
000000000000a6b0 000000000000002c W __libnx_init
000000000000a6e0 0000000000000020 W __libnx_exit
000000000000a700 00000000000000c4 T nxlinkSetup
000000000000a7d0 000000000000024c T envSetup
000000000000aa20 0000000000000020 T envGetMainThreadHandle
000000000000aa40 000000000000000c T envIsNso
000000000000aa50 0000000000000014 T envHasHeapOverride
000000000000aa70 000000000000000c T envGetHeapOverrideAddr
000000000000aa80 000000000000000c T envGetHeapOverrideSize
000000000000aa90 0000000000000014 T envHasArgv
000000000000aab0 000000000000000c T envGetArgv
000000000000aac0 000000000000000c T envGetExitFuncPtr
000000000000aad0 000000000000000c T envSetExitFuncPtr
000000000000aae0 000000000000000c T envHasRandomSeed
000000000000aaf0 0000000000000018 T envGetRandomSeed
000000000000ab10 0000000000000004 W __libnx_alloc
000000000000ab20 0000000000000014 W __libnx_aligned_alloc
000000000000ab40 0000000000000004 W __libnx_free
000000000000ab50 000000000000001c T __syscall_exit
000000000000ab70 0000000000000034 T __syscall_getreent
000000000000abb0 0000000000000004 T __syscall_lock_acquire
000000000000abc0 0000000000000004 T __syscall_lock_release
000000000000abd0 0000000000000004 T __syscall_lock_acquire_recursive
000000000000abe0 0000000000000004 T __syscall_lock_release_recursive
000000000000abf0 0000000000000228 T __libnx_init_time
000000000000ae20 000000000000008c T __syscall_gettod_r
000000000000aeb0 0000000000000084 T newlibSetup
000000000000af40 0000000000000320 W argvSetup
000000000000b260 W __libnx_exception_entry
000000000000b2ec t __libnx_exception_entry_start
000000000000b414 t __libnx_exception_entry_abort
000000000000b418 t __libnx_exception_entry_end
000000000000b420 T __libnx_exception_returnentry
000000000000b440 0000000000000014 T shmemLoadRemote
000000000000b460 0000000000000088 T shmemMap
000000000000b4f0 0000000000000034 T shmemUnmap
000000000000b530 0000000000000044 T shmemClose
000000000000b580 000000000000045c T waitObjects
000000000000b9e0 0000000000000064 T condvarWaitTimeout
000000000000ba50 00000000000000ac T __libnx_init_thread
000000000000bb00 0000000000000180 T sessionmgrCreate
000000000000bc80 0000000000000084 T sessionmgrClose
000000000000bd10 00000000000000b4 T sessionmgrAttachClient
000000000000bdd0 0000000000000070 T sessionmgrDetachClient
000000000000be40 00000000000000d4 t _setsysGetFirmwareVersionImpl
000000000000bf20 0000000000000068 t _setsysCleanup
000000000000bf90 00000000000000a0 T setsysInitialize
000000000000c030 0000000000000044 T setsysExit
000000000000c080 0000000000000044 T setsysGetFirmwareVersion
000000000000c0d0 0000000000000024 t _appletInfiniteSleepLoop
000000000000c100 0000000000000108 t _appletCmdGetSession
000000000000c210 00000000000000cc t _appletCmdInU8NoOut
000000000000c2e0 0000000000000104 t _appletGetLaunchReason
000000000000c3f0 00000000000000e4 t _appletSetFocusHandlingMode
000000000000c4e0 00000000000000cc t _appletCmdInU32NoOut
000000000000c5b0 0000000000000138 t _appletGetSessionProxy.constprop.0
000000000000c6f0 0000000000000154 t _appletOpenLibraryAppletProxy.constprop.0
000000000000c850 00000000000000d0 t _appletCmdGetHandle.constprop.0.isra.0
000000000000c920 00000000000000d4 t _appletCmdNoInOutU8.isra.0
000000000000ca00 00000000000000d4 t _appletCmdNoInOutU32.isra.0
000000000000cae0 00000000000000d4 t _appletCmdNoInOutU64.isra.0
000000000000cbc0 00000000000000c0 t _appletCmdNoIO.isra.0
000000000000cc80 0000000000000118 T appletSetFocusHandlingMode
000000000000cda0 000000000000005c T appletSetCpuBoostMode
000000000000ce00 000000000000000c T appletGetAppletResourceUserId
000000000000ce10 00000000000000f8 t _appletGetIndirectLayerConsumerHandle
000000000000cf10 0000000000000088 t _appletHolderCreateState
000000000000cfa0 00000000000000a8 T appletHolderClose
000000000000d050 0000000000000024 T appletHolderGetLibraryAppletInfo
000000000000d080 0000000000000090 T appletNotifyRunning
000000000000d110 000000000000008c T appletSetGamePlayRecordingState
000000000000d1a0 0000000000000ac0 t _appletCleanup
000000000000dc60 0000000000000044 T appletExit
000000000000dcb0 0000000000000040 T appletGetLibraryAppletInfo
000000000000dcf0 0000000000000a10 T appletInitialize
000000000000e700 0000000000000024 t _appletExitProcess
000000000000e730 00000000000000c0 t _apmCleanup
000000000000e7f0 00000000000000fc t _apmCmdGetSession.constprop.0
000000000000e8f0 00000000000000a0 T apmInitialize
000000000000e990 0000000000000044 T apmExit
000000000000e9e0 00000000000000c8 T apmSetPerformanceConfiguration
000000000000eab0 000000000000002c T aligned_alloc
000000000000eae0 00000000000000b8 T bsearch
000000000000eba0 0000000000000014 T __errno
000000000000ebc0 0000000000000228 T __sflush_r
000000000000edf0 00000000000000b8 T _fflush_r
000000000000eeb0 0000000000000040 T fflush
000000000000eef0 000000000000000c T _cleanup_r
000000000000ef00 000000000000000c T __sfp_lock_acquire
000000000000ef10 000000000000000c T __sfp_lock_release
000000000000ef20 000000000000000c T __sinit_lock_acquire
000000000000ef30 000000000000000c T __sinit_lock_release
000000000000ef40 0000000000000154 T __sinit
000000000000f0a0 0000000000000044 T __libc_fini_array
000000000000f0f0 0000000000000118 T _malloc_trim_r
000000000000f210 00000000000002f0 T _free_r
000000000000f500 00000000000000a4 T _fwalk_reent
000000000000f5b0 000000000000002c T gmtime
000000000000f5e0 000000000000029c T gmtime_r
000000000000f880 000000000000008c T __libc_init_array
000000000000f910 000000000000017c T _memalign_r
000000000000fa90 0000000000000024 T malloc
000000000000fac0 0000000000000024 T free
000000000000faf0 000000000000086c T _malloc_r
0000000000010380 0000000000000110 T memcmp
00000000000104c0 000000000000016c T memcpy
0000000000010640 00000000000001dc T memset
0000000000010820 000000000000000c T __malloc_lock
0000000000010830 000000000000000c T __malloc_unlock
0000000000010840 0000000000000084 T printf
00000000000108d0 00000000000000d0 T _puts_r
00000000000109a0 0000000000000024 T puts
00000000000109d0 000000000000003c T setenv
0000000000010a10 0000000000000268 T _setenv_r
0000000000010c80 0000000000000050 T __sread
0000000000010cd0 000000000000006c T __swrite
0000000000010d40 0000000000000050 T __sseek
0000000000010d90 0000000000000008 T __sclose
0000000000010d98 00000000000000dc T strchr
0000000000010e80 00000000000000e4 T strcmp
0000000000010f80 0000000000000140 T strlen
00000000000110c0 000000000000007c T strncat
000000000001115c 00000000000001b8 T strncmp
0000000000011320 000000000000009c T strncpy
00000000000113e4 00000000000000e0 T strnlen
00000000000114a0 000000000000019c t _strtoul_l.constprop.0
0000000000011640 0000000000000048 T strtoul
0000000000011690 0000000000000024 T close
00000000000116c0 0000000000000040 T time
0000000000011700 00000000000007e0 t get_arg
0000000000011ee0 0000000000003c78 T _vfprintf_r
0000000000015b58 00000000000000f0 t __sbprintf
0000000000015c50 00000000000000d8 T _wcrtomb_r
0000000000015d30 0000000000000010 T _wcsrtombs_r
0000000000015d40 0000000000000140 T __swsetup_r
0000000000015e80 000000000000012c T __call_exitprocs
0000000000015fb0 000000000000019c t quorem
0000000000016150 0000000000001190 T _dtoa_r
00000000000172e0 000000000000000c T __env_lock
00000000000172f0 000000000000000c T __env_unlock
0000000000017300 000000000000015c T _fclose_r
0000000000017460 00000000000004dc T __sfvwrite_r
0000000000017940 0000000000000100 T _findenv_r
0000000000017a40 0000000000000008 T __localeconv_l
0000000000017a50 0000000000000028 T _localeconv_r
0000000000017a80 000000000000002c T __locale_mb_cur_max
0000000000017ab0 0000000000000094 T __swhatbuf_r
0000000000017b50 000000000000010c T __smakebuf_r
0000000000017c60 00000000000002c8 T __utf8_mbtowc
0000000000017f28 00000000000000d8 T memchr
0000000000018000 00000000000000ac T memmove
00000000000180b0 000000000000008c T _Balloc
0000000000018140 000000000000001c T _Bfree
0000000000018160 0000000000000108 T __multadd
0000000000018270 000000000000005c T __hi0bits
00000000000182d0 000000000000009c T __lo0bits
0000000000018370 000000000000004c T __i2b
00000000000183c0 00000000000001e8 T __multiply
00000000000185b0 0000000000000104 T __pow5mult
00000000000186c0 0000000000000178 T __lshift
0000000000018840 0000000000000050 T __mcmp
0000000000018890 00000000000001b8 T __mdiff
0000000000018a50 0000000000000154 T __d2b
0000000000018bb0 0000000000000538 T _realloc_r
00000000000190f0 000000000000007c T frexp
000000000001916c 00000000000007e0 t get_arg
000000000001994c 0000000000000038 T __sprint_r
0000000000019984 0000000000002958 T _vfiprintf_r
000000000001c2dc 00000000000000f0 t __sbprintf
000000000001c3d0 00000000000001e0 T _wcsnrtombs_l
000000000001c5b0 0000000000000074 T _wcsnrtombs_r
000000000001c630 00000000000000e4 T __utf8_wctomb
000000000001c720 0000000000000064 T __assert_func
000000000001c790 00000000000000b0 T _calloc_r
000000000001c840 0000000000000084 T fiprintf
000000000001c8d0 0000000000000018 T abort
000000000001c8f0 00000000000000b4 T _raise_r
000000000001c9b0 0000000000000024 T raise
000000000001c9e0 0000000000000008 t null_write
000000000001c9f0 0000000000000018 T setDefaultDevice
000000000001ca10 0000000000000108 T FindDevice
000000000001cb20 0000000000000034 T RemoveDevice
000000000001cb60 00000000000000dc T AddDevice
000000000001cc40 0000000000000034 T GetDeviceOpTab
000000000001cc80 00000000000000a8 T _close_r
000000000001cd30 0000000000000084 T _fstat_r
000000000001cdc0 0000000000000014 T _getpid_r
000000000001cde0 0000000000000024 T _gettimeofday_r
000000000001ce10 0000000000000008 T _isatty_r
000000000001ce20 0000000000000014 T _kill_r
000000000001ce40 0000000000000098 T _lseek_r
000000000001cee0 00000000000000a4 T _read_r
000000000001cf90 0000000000000078 T _sbrk_r
000000000001d010 00000000000000a4 T _write_r
000000000001d0c0 0000000000000020 T _exit
000000000001d0e0 0000000000000228 T _concatenate_path
000000000001d310 0000000000000178 T chdir
000000000001d490 0000000000000014 T __libc_lock_acquire
000000000001d4b0 0000000000000014 T __libc_lock_release
000000000001d4d0 000000000000000c T __libc_lock_init_recursive
000000000001d4e0 0000000000000014 T __libc_lock_acquire_recursive
000000000001d500 0000000000000014 T __libc_lock_release_recursive
000000000001d520 0000000000000004 T __libc_lock_close_recursive
000000000001d530 0000000000000040 T __free_handle
000000000001d570 0000000000000058 T __release_handle
000000000001d5d0 00000000000000c0 T __alloc_handle
000000000001d690 0000000000000020 T __get_handle
000000000001d6b0 000000000000012c T dup2
000000000001d7e0 0000000000000020 T __getreent
000000000001d800 00000000000002f8 t __trunctfdf2
000000000001db00 0000000000000070 t __sfp_handle_exceptions
000000000001db70 0000000000000100 T strrchr
000000000001dc70 T _fini
000000000001e000 R __rodata_start
000000000001e130 0000000000000020 r error_table
000000000001e150 0000000000000086 r _error_code_map
000000000001e1e0 0000000000000038 r g_defaultBsdInitConfig
000000000001e238 0000000000000014 r CSWTCH.560
000000000001e250 0000000000000101 R _ctype_
000000000001e4a8 0000000000000010 r blanks.1
000000000001e4b8 0000000000000010 r zeroes.0
000000000001e608 0000000000000028 R __mprec_bigtens
000000000001e630 00000000000000c8 R __mprec_tens
000000000001e6f8 000000000000000c r p05.0
000000000001e708 000000000000006c R __action_table
000000000001e778 0000000000000100 R __chclass
000000000001e878 000000000000006c R __state_table
000000000001e9f0 0000000000000010 r blanks.1
000000000001ea00 0000000000000010 r zeroes.0
000000000001ea50 r __EH_FRAME_BEGIN__
000000000001ea50 R __eh_frame_hdr_end
000000000001ea50 R __eh_frame_hdr_start
000000000002342c r __FRAME_END__
0000000000023430 a _DYNAMIC
0000000000026000 R __data_start
0000000000026000 t __frame_dummy_init_array_entry
0000000000026000 T __init_array_start
0000000000026000 B __preinit_array_end
0000000000026000 B __preinit_array_start
0000000000026000 D __tdata_lma
0000000000026000 D __tdata_lma_end
0000000000026008 t __do_global_dtors_aux_fini_array_entry
0000000000026008 T __fini_array_start
0000000000026008 T __init_array_end
0000000000026010 T __fini_array_end
0000000000026010 T __got_start__
0000000000026010 a _GLOBAL_OFFSET_TABLE_
0000000000026268 D __got_end__
0000000000026268 0000000000000004 d sock
0000000000026270 00000000000000e0 d g_socketDevoptab
0000000000026350 00000000000000e0 d romFS_devoptab
0000000000026430 0000000000000004 V __nx_fsdev_direntry_cache_size
0000000000026434 0000000000000001 V __nx_fsdev_support_cwd
0000000000026438 00000000000000e0 d fsdev_devoptab
0000000000026518 0000000000000008 d g_bsdClientPid
0000000000026520 0000000000000004 V __nx_fs_num_sessions
0000000000026528 0000000000000008 V __nx_exception_stack_size
0000000000026530 0000000000000001 V __nx_applet_auto_notifyrunning
0000000000026534 0000000000000004 V __nx_applet_type
0000000000026538 0000000000000008 D _impure_ptr
0000000000026540 0000000000000768 d impure_data
0000000000026ca8 0000000000000008 D _global_impure_ptr
0000000000026cb0 0000000000000008 D __malloc_sbrk_base
0000000000026cb8 0000000000000008 D __malloc_trim_threshold
0000000000026cc0 0000000000000810 D __malloc_av_
00000000000274d0 0000000000000008 D environ
00000000000274d8 00000000000001a8 D __global_locale
0000000000027680 0000000000000004 d defaultDevice
0000000000027688 0000000000000080 D devoptab_list
0000000000027708 00000000000000e0 D dotab_stdnull
00000000000277e8 0000000000000400 d _current_working_directory
0000000000027be8 0000000000000010 d __stderr_handle
0000000000027bf8 0000000000000010 d __stdin_handle
0000000000027c08 0000000000000010 d __stdout_handle
0000000000027c18 0000000000002000 d handles
0000000000029c18 D __bss_start__
0000000000029c18 b completed.1
0000000000029c20 b object.0
0000000000029c50 0000000000000038 B Input::pad
0000000000029c88 0000000000000004 B Input::rc
0000000000029c8c 0000000000000001 B Input::initflag
0000000000029c90 0000000000000008 b g_hiddbgGuard
0000000000029c98 0000000000000010 b g_hiddbgSrv
0000000000029ca8 0000000000000008 b g_smGuard
0000000000029cb0 0000000000000180 b g_smOverrides
0000000000029e30 0000000000000008 b g_smOverridesNum
0000000000029e38 0000000000000010 b g_smSrv
0000000000029e48 0000000000000004 b g_hosVersion
0000000000029e50 0000000000000008 V __romfs_path
0000000000029e58 0000000000000001 b romfs_initialised
0000000000029e60 0000000000003700 b romfs_mounts
000000000002d560 0000000000000004 b fsdev_fsdevice_cwd
000000000002d568 0000000000002400 b fsdev_fsdevices
000000000002f968 0000000000000001 b fsdev_initialised
000000000002f970 B __stack_top
000000000002f978 0000000000000010 b g_AliasRegion
000000000002f988 0000000000000010 b g_AslrRegion
000000000002f998 0000000000000010 b g_HeapRegion
000000000002f9a8 0000000000000001 b g_IsLegacyKernel
000000000002f9b0 0000000000000008 b g_Reservations
000000000002f9b8 0000000000000010 b g_StackRegion
000000000002f9c8 0000000000000004 b g_VirtmemMutex
000000000002f9d0 0000000000000040 b g_chacha
000000000002fa10 0000000000000001 b g_randInit
000000000002fa14 0000000000000004 b g_randMutex
000000000002fa18 0000000000000008 b g_bsdGuard
000000000002fa20 0000000000000010 b g_bsdMonitor
000000000002fa30 0000000000000054 b g_bsdSessionMgr
000000000002fa88 0000000000000010 b g_bsdSrv
000000000002fa98 0000000000000028 b g_bsdTmem
000000000002fac0 0000000000000008 b g_fsGuard
000000000002fac8 0000000000000054 b g_fsSessionMgr
000000000002fb20 0000000000000010 b g_fsSrv
000000000002fb30 0000000000000004 V __nx_time_service_type
000000000002fb38 0000000000000008 b g_timeGuard
000000000002fb40 0000000000000010 b g_timeLocalSystemClock
000000000002fb50 0000000000000010 b g_timeNetworkSystemClock
000000000002fb60 0000000000000020 b g_timeSharedmem
000000000002fb80 0000000000000010 b g_timeSrv
000000000002fb90 0000000000000010 b g_timeSteadyClock
000000000002fba0 0000000000000010 b g_timeTimeZoneService
000000000002fbb0 0000000000000010 b g_timeUserSystemClock
000000000002fbc0 0000000000000008 b g_hidGuard
000000000002fbc8 0000000000000010 b g_hidIActiveVibrationDeviceList
000000000002fbd8 0000000000000010 b g_hidIAppletResource
000000000002fbe8 0000000000000020 b g_hidSharedmem
000000000002fc08 0000000000000010 b g_hidSrv
000000000002fc18 0000000000000008 b g_sevenSixAxisSensorBuffer
000000000002fc20 0000000000000004 V __nx_exception_ignoredebug
000000000002fc30 0000000000000400 V __nx_exception_stack
0000000000030030 0000000000000340 B __nx_exceptiondump
0000000000030370 0000000000000008 V __nx_heap_size
0000000000030378 0000000000000004 B __nxlink_host
000000000003037c 0000000000000001 b g_hasRandomSeed
000000000003037d 0000000000000001 b g_isNso
0000000000030380 0000000000000004 b g_lastLoadResult
0000000000030388 0000000000000008 b g_loaderInfo
0000000000030390 0000000000000008 b g_loaderInfoSize
0000000000030398 0000000000000008 b g_loaderRetAddr
00000000000303a0 0000000000000004 b g_mainThreadHandle
00000000000303a8 0000000000000008 b g_nextLoadArgv
00000000000303b0 0000000000000008 b g_nextLoadPath
00000000000303b8 0000000000000008 b g_overrideArgv
00000000000303c0 0000000000000008 b g_overrideHeapAddr
00000000000303c8 0000000000000008 b g_overrideHeapSize
00000000000303d0 0000000000000004 b g_processHandle
00000000000303d8 0000000000000010 b g_randomSeed
00000000000303e8 0000000000000010 b g_syscallHints
00000000000303f8 0000000000000008 b g_userIdStorage
0000000000030400 0000000000000008 b __bootticks
0000000000030408 0000000000000008 b __boottime
0000000000030410 0000000000000004 V __nx_time_type
0000000000030414 0000000000000004 B __system_argc
0000000000030418 0000000000000008 B __system_argv
0000000000030420 0000000000000008 b g_argv_empty
0000000000030428 0000000000000038 b g_mainThread
0000000000030460 0000000000000008 b g_threadList
0000000000030468 0000000000000004 b g_threadMutex
0000000000030470 0000000000000008 b g_setsysGuard
0000000000030478 0000000000000010 b g_setsysSrv
0000000000030488 0000000000000080 V __nx_applet_AppletAttribute
0000000000030508 0000000000000008 V __nx_applet_PerformanceConfiguration
0000000000030510 0000000000000004 V __nx_applet_exit_mode
0000000000030514 0000000000000001 b g_appletCopyrightInitialized
0000000000030518 0000000000000028 b g_appletCopyrightTmem
0000000000030540 0000000000000004 b g_appletCpuBoostMode
0000000000030544 0000000000000001 b g_appletExitProcessFlag
0000000000030548 0000000000000004 b g_appletExitProcessResult
000000000003054c 0000000000000001 b g_appletFocusState
0000000000030550 0000000000000008 b g_appletGuard
0000000000030558 0000000000000010 b g_appletIAppletCommonFunctions
0000000000030568 0000000000000010 b g_appletIApplicationCreator
0000000000030578 0000000000000010 b g_appletIAudioController
0000000000030588 0000000000000010 b g_appletICommonStateGetter
0000000000030598 0000000000000010 b g_appletIDebugFunctions
00000000000305a8 0000000000000010 b g_appletIDisplayController
00000000000305b8 0000000000000010 b g_appletIFunctions
00000000000305c8 0000000000000010 b g_appletIGlobalStateController
00000000000305d8 0000000000000010 b g_appletILibraryAppletCreator
00000000000305e8 0000000000000010 b g_appletILibraryAppletSelfAccessor
00000000000305f8 0000000000000010 b g_appletIProcessWindingController
0000000000030608 0000000000000010 b g_appletISelfController
0000000000030618 0000000000000010 b g_appletIWindowController
0000000000030628 0000000000000050 b g_appletInfo
0000000000030678 0000000000000001 b g_appletInfoInitialized
0000000000030680 0000000000000008 b g_appletInitTickBase
0000000000030688 0000000000000001 b g_appletLeftInitialized
0000000000030690 000000000000000c b g_appletLibraryAppletLaunchableEvent
00000000000306a0 000000000000000c b g_appletMessageEvent
00000000000306ac 0000000000000001 b g_appletNotifiedRunning
00000000000306ad 0000000000000001 b g_appletOperationMode
00000000000306b0 0000000000000004 b g_appletPerformanceMode
00000000000306b8 0000000000000010 b g_appletProxySession
00000000000306c8 0000000000000004 b g_appletRecordingInitialized
00000000000306d0 0000000000000028 b g_appletRecordingTmem
00000000000306f8 0000000000000008 b g_appletResourceUserId
0000000000030700 0000000000000010 b g_appletSrv
0000000000030710 0000000000000008 b g_appletSuspendedTick
0000000000030718 000000000000000c b g_appletSuspendedTickEvent
0000000000030724 0000000000000001 b g_appletSuspendedTickInitialized
0000000000030728 0000000000000008 b g_apmGuard
0000000000030730 0000000000000010 b g_apmISession
0000000000030740 0000000000000010 b g_apmSrv
0000000000030750 000000000000000c b __sfp_recursive_mutex
0000000000030760 000000000000000c b __sinit_recursive_mutex
0000000000030770 0000000000000028 B __malloc_current_mallinfo
0000000000030798 0000000000000008 B __malloc_max_sbrked_mem
00000000000307a0 0000000000000008 B __malloc_max_total_mem
00000000000307a8 0000000000000008 B __malloc_top_pad
00000000000307b0 000000000000000c b __malloc_recursive_mutex
00000000000307bc 0000000000000004 b alloced.0
00000000000307c0 000000000000000c B __atexit_recursive_mutex
00000000000307d0 0000000000000008 b initial_env
00000000000307d8 000000000000000c b __env_recursive_mutex
00000000000307e8 0000000000000008 b heap_start.0
00000000000307f0 0000000000000008 B fake_heap_end
00000000000307f8 0000000000000008 B fake_heap_start
0000000000030800 0000000000000400 b temp_cwd
0000000000030c00 0000000000000004 b __hndl_lock
0000000000030c08 B __tls_start
0000000000031020 B __bss_end__
0000000000031020 A __end__
0000000000031020 B __tls_end
0000000000032000 A __argdata__
